<html>
<body>
<pre>
<h1>Vision Build Log</h1>
<h2>Project:</h2>
E:\传感器实训套件\程序\19、数字光强传感器实验\lcd.uvproj
Project File Date:  07/04/2016

<h2>Output:</h2>
Build target 'Target 1'
compiling LCD.C...
LCD.C(34): warning C206: 'delay2': missing function-prototype
LCD.C(34): error C267: 'delay2': requires ANSI-style prototype
LCD.C(37): error C231: 'delay2': redefinition
LCD.C(41): error C231: 'delay2': redefinition
Target not created
Build target 'Target 1'
compiling LCD.C...
linking...
Program Size: data=28.1 xdata=0 code=1219
creating hex file from "lcd"...
"lcd" - 0 Error(s), 0 Warning(s).
Build target 'Target 1'
compiling LCD.C...
linking...
Program Size: data=28.1 xdata=0 code=1227
creating hex file from "lcd"...
"lcd" - 0 Error(s), 0 Warning(s).
Build target 'Target 1'
compiling LCD.C...
linking...
Program Size: data=28.1 xdata=0 code=1235
creating hex file from "lcd"...
"lcd" - 0 Error(s), 0 Warning(s).
Build target 'Target 1'
compiling LCD.C...
linking...
Program Size: data=28.1 xdata=0 code=1235
creating hex file from "lcd"...
"lcd" - 0 Error(s), 0 Warning(s).
