<html>
<body>
<pre>
<h1>Vision Build Log</h1>
<h2>Project:</h2>
E:\传感器实训套件\程序\20、三轴加速度\ADXL345.uvproj
Project File Date:  07/12/2016

<h2>Output:</h2>
Build target 'Target 1'
compiling Main.c...
MAIN.C(70): error C202: 'led1': undefined identifier
Target not created
Build target 'Target 1'
compiling Main.c...
linking...
Program Size: data=24.1 xdata=0 code=1862
creating hex file from "ADXL345"...
"ADXL345" - 0 Error(s), 0 Warning(s).
Build target 'Target 1'
compiling Main.c...
linking...
Program Size: data=24.1 xdata=0 code=1870
creating hex file from "ADXL345"...
"ADXL345" - 0 Error(s), 0 Warning(s).
Build target 'Target 1'
compiling Main.c...
MAIN.C(474): error C141: syntax error near '}'
Target not created
Build target 'Target 1'
compiling Main.c...
MAIN.C(474): error C141: syntax error near '}'
Target not created
Build target 'Target 1'
compiling Main.c...
linking...
Program Size: data=24.1 xdata=0 code=1875
creating hex file from "ADXL345"...
"ADXL345" - 0 Error(s), 0 Warning(s).
Build target 'Target 1'
compiling Main.c...
linking...
Program Size: data=24.1 xdata=0 code=1878
creating hex file from "ADXL345"...
"ADXL345" - 0 Error(s), 0 Warning(s).
Build target 'Target 1'
compiling Main.c...
linking...
*** WARNING L16: UNCALLED SEGMENT, IGNORED FOR OVERLAY PROCESS
    SEGMENT: ?PR?_DELAY3?MAIN
Program Size: data=24.1 xdata=0 code=1844
creating hex file from "ADXL345"...
"ADXL345" - 0 Error(s), 1 Warning(s).
Build target 'Target 1'
compiling Main.c...
linking...
Program Size: data=24.1 xdata=0 code=1871
creating hex file from "ADXL345"...
"ADXL345" - 0 Error(s), 0 Warning(s).
Build target 'Target 1'
compiling Main.c...
linking...
*** WARNING L16: UNCALLED SEGMENT, IGNORED FOR OVERLAY PROCESS
    SEGMENT: ?PR?_DELAY3?MAIN
Program Size: data=24.1 xdata=0 code=1845
creating hex file from "ADXL345"...
"ADXL345" - 0 Error(s), 1 Warning(s).
Build target 'Target 1'
compiling Main.c...
linking...
*** WARNING L16: UNCALLED SEGMENT, IGNORED FOR OVERLAY PROCESS
    SEGMENT: ?PR?_DELAY3?MAIN
Program Size: data=24.1 xdata=0 code=1832
creating hex file from "ADXL345"...
"ADXL345" - 0 Error(s), 1 Warning(s).
Build target 'Target 1'
compiling Main.c...
linking...
*** WARNING L16: UNCALLED SEGMENT, IGNORED FOR OVERLAY PROCESS
    SEGMENT: ?PR?_DELAY3?MAIN
Program Size: data=24.1 xdata=0 code=1832
creating hex file from "ADXL345"...
"ADXL345" - 0 Error(s), 1 Warning(s).
Build target 'Target 1'
compiling Main.c...
MAIN.C(472): error C141: syntax error near '}'
Target not created
Build target 'Target 1'
compiling Main.c...
linking...
*** WARNING L16: UNCALLED SEGMENT, IGNORED FOR OVERLAY PROCESS
    SEGMENT: ?PR?_DELAY3?MAIN
Program Size: data=24.1 xdata=0 code=1831
creating hex file from "ADXL345"...
"ADXL345" - 0 Error(s), 1 Warning(s).
Build target 'Target 1'
compiling Main.c...
MAIN.C(474): error C141: syntax error near '}'
Target not created
Build target 'Target 1'
compiling Main.c...
linking...
Program Size: data=24.1 xdata=0 code=1875
creating hex file from "ADXL345"...
"ADXL345" - 0 Error(s), 0 Warning(s).
Build target 'Target 1'
compiling Main.c...
linking...
Program Size: data=24.1 xdata=0 code=1875
creating hex file from "ADXL345"...
"ADXL345" - 0 Error(s), 0 Warning(s).
